IQ-TREE multicore version 1.6.10 for Linux 64-bit built Feb 19 2019
Developed by Bui Quang Minh, Nguyen Lam Tung, Olga Chernomor,
Heiko Schmidt, Dominik Schrempf, Michael Woodhams.

Host:    bi-bejasrv-lin (AVX512, FMA3, 62 GB RAM)
Command: iqtree -s uniref50-PF18761-IPR001425-ChRs.reduced_long.trimal -pre uniref50-PF18761-IPR001425-ChRs.reduced_long.iqtree.19 -bb 1000 -nt 3 -redo -pers 0.2 -nstop 500
Seed:    265035 (Using SPRNG - Scalable Parallel Random Number Generator)
Time:    Mon Oct 26 04:44:26 2020
Kernel:  AVX+FMA - 3 threads (32 CPU cores detected)

Reading alignment file uniref50-PF18761-IPR001425-ChRs.reduced_long.trimal ... Fasta format detected
Alignment most likely contains protein sequences
Alignment has 315 sequences with 186 columns, 186 distinct patterns
186 parsimony-informative, 0 singleton sites, 0 constant sites
                                      Gap/Ambiguity  Composition  p-value
   1  A0A2E1AMT5                              6.45%    passed     17.15%
   2  A0A2E5JDM4                              5.38%    passed     95.77%
   3  A0A2D5VLF3                              7.53%    passed     58.41%
   4  A0A0M0JPF9                              3.76%    passed      7.39%
   5  A0A0L0D3S9                              7.53%    failed      0.92%
   6  A0A2G6C2P5                              5.38%    failed      0.17%
   7  A0A1F7QPQ9                              5.91%    failed      2.17%
   8  A0A2E6VS27                              4.84%    passed      7.59%
   9  A0A0Q6R6D2                              6.45%    failed      0.00%
  10  A0A2R2WBR9                              4.30%    failed      0.00%
  11  A0A4R8XYC3                              4.30%    failed      0.01%
  12  A0A2E0MTM3                              6.99%    passed     61.45%
  13  A0A2E0RRW0                              3.23%    passed     68.01%
  14  A0A133UN26                              4.84%    passed     55.86%
  15  H9UED0                                  6.45%    passed     16.52%
  16  L0IB98                                  4.30%    passed     22.63%
  17  A0A1V1RHM3                              4.30%    passed     77.85%
  18  A0A398CT83                              4.30%    passed     58.58%
  19  A0A3A6NQS6                              5.38%    failed      1.99%
  20  A0A2E9CGS1                              4.30%    passed     44.80%
  21  A0A2E9CFU4                              3.76%    passed     12.92%
  22  A0A6C0L870                              4.84%    failed      0.12%
  23  A0A6C0I042                              4.30%    failed      0.20%
  24  A0A6C0JIG9                              4.84%    passed      6.83%
  25  A0A6C0D2Z7                              4.84%    failed      4.80%
  26  A0A6C0F0Y8                              4.30%    passed     41.72%
  27  A0A6C0CTB0                              4.30%    failed      0.15%
  28  A0A6C0DVI1                              4.30%    failed      2.43%
  29  A0A6C0KSV2                              4.30%    failed      0.21%
  30  A0A6C0ASL6                              4.30%    passed      5.08%
  31  A0A6C0EDP9                              4.30%    failed      3.19%
  32  A0A6C0CSE2                              3.76%    failed      0.01%
  33  A0A6C0M1Z2                              3.76%    failed      0.00%
  34  F2Y337                                  3.76%    failed      0.00%
  35  A0A2E5WM01                              3.76%    failed      0.00%
  36  A0A6C0C522                              4.30%    failed      0.00%
  37  A0A6C0DZR2                              3.76%    failed      0.00%
  38  A0A6C0IEJ8                              3.76%    failed      0.00%
  39  A0A6C0D051                              3.23%    failed      0.36%
  40  A0A6C0BPY1                              4.30%    failed      0.01%
  41  A0A6C0HPG2                              3.76%    failed      0.02%
  42  A0A6C0HDN7                              1.61%    failed      0.00%
  43  A0A6C0LD75                              3.76%    failed      0.08%
  44  A0A6C0IMP6                              3.76%    passed     20.57%
  45  A0A6C0ERX4                              4.30%    passed      5.42%
  46  A0A6C0HI93                              3.76%    failed      0.51%
  47  B1YFV8                                  1.61%    passed     93.45%
  48  A0A142HG79                              0.54%    passed     70.91%
  49  A0A2T0WPG8                              0.54%    failed      0.47%
  50  K4IBD6                                  0.54%    passed     83.10%
  51  A0A2E5RPJ9                              0.54%    passed     48.67%
  52  C0KTK1                                  0.54%    passed     70.12%
  53  A0A328QTJ8                              1.61%    passed     39.44%
  54  A0A4Y8UMW0                              1.08%    passed     74.24%
  55  A0A2E8QFW1                              2.15%    passed     55.04%
  56  A0A2E6IWJ9                              3.76%    passed     87.00%
  57  A0A2D7BW64                              1.08%    passed     75.96%
  58  A0A0R2UEA1                              1.08%    passed     97.48%
  59  Q9F7P4                                  1.08%    passed     97.07%
  60  A0A2E3ZFL2                              1.08%    passed      9.32%
  61  A0A3R7VAW5                              8.60%    passed     66.57%
  62  A0A2D9XFY8                              1.08%    passed     90.97%
  63  A0A2E2V9B2                              1.61%    passed     98.32%
  64  A0A2E3B190                              1.08%    passed     98.90%
  65  S5DM51                                  3.23%    passed     22.77%
  66  A0A5S4ZBR7                              0.00%    failed      0.40%
  67  A0A651G7M6                              0.00%    passed     66.28%
  68  A0A2W0HUG2                              0.00%    passed     49.44%
  69  A0A2E0Q5A2                              0.54%    passed     74.18%
  70  W8VZW3                                  0.00%    passed     79.16%
  71  A0A5B1CMS2                              0.00%    passed     44.15%
  72  I0IBH0                                  0.00%    passed     37.88%
  73  I0IGJ9                                  0.00%    passed     88.36%
  74  A0A0P6XBM7                              0.00%    passed     71.74%
  75  V4J351                                  0.00%    passed     79.30%
  76  A0A2D6P6F7                              0.00%    passed      7.22%
  77  N0DKS8                                  0.00%    failed      1.90%
  78  A0A1W1VC04                              0.00%    passed     25.84%
  79  U7QMF4                                  0.00%    passed     28.60%
  80  A0A2P8VTZ3                              0.00%    passed     21.38%
  81  A0A1C5K4Q5                              0.00%    failed      1.80%
  82  D7CSE2                                  0.00%    passed     45.15%
  83  A0A520XTU8                              0.00%    passed     70.97%
  84  A0A520XXU3                              0.00%    passed     61.30%
  85  A0A2A2SI75                              0.00%    passed     27.21%
  86  A0A0G9MRQ7                              0.00%    passed     41.32%
  87  A0A0M7BDG0                              0.00%    passed     58.52%
  88  A0A3L7Y587                              0.00%    passed     91.01%
  89  A0A2G4FDZ4                              4.84%    passed     30.91%
  90  A0A388PHR6                              1.61%    passed     39.86%
  91  C0K2L3                                  0.00%    passed     67.34%
  92  A0A1E8CRE3                              0.00%    passed     56.66%
  93  A0A0U0W5Q5                              0.00%    passed     44.70%
  94  A0A2T0V9X4                              0.00%    passed     37.19%
  95  A0A3G9A0S2                              0.00%    passed     30.91%
  96  A0A3L7VYY9                              0.00%    passed     97.89%
  97  A0A2E7UR14                              0.00%    passed     86.80%
  98  A0A2T2UZL0                              0.00%    passed     80.58%
  99  Q7NP59                                  0.00%    passed     75.01%
 100  A0A4Q7E4T5                              0.00%    passed     92.72%
 101  K9YEI2                                  0.00%    passed     80.97%
 102  A0A2E3NLK8                              0.00%    passed     29.24%
 103  A0A218QMM7                              0.00%    passed     67.49%
 104  E8QX23                                  0.00%    passed     64.78%
 105  A0A0D6EVL9                              0.00%    passed     73.04%
 106  A0A4P5QTK6                              3.76%    passed     12.50%
 107  A0A1L2YW04                              0.00%    passed     70.48%
 108  F6K461                                  0.00%    passed     99.40%
 109  A0A1E7G037                              0.00%    passed     72.58%
 110  A0A1N6YNK0                              0.54%    passed     69.34%
 111  B0R2U4                                  0.00%    passed     39.88%
 112  P33970                                 10.75%    passed     94.98%
 113  A0A2R6CHW0                              0.00%    passed     65.35%
 114  D3SYH0                                  0.00%    passed      6.08%
 115  Q18DH5                                  0.00%    failed      4.29%
 116  A0A2R6K7R7                              0.00%    passed     90.72%
 117  P94854                                  0.00%    passed     50.69%
 118  P02945                                  0.00%    passed     63.20%
 119  P29563                                  0.00%    passed     11.07%
 120  P69051                                  0.00%    passed     47.59%
 121  A0A271IU12                              0.00%    passed     56.51%
 122  D7CVU5                                  0.00%    failed      0.22%
 123  A0A2W4UKV5                              0.00%    passed     84.46%
 124  B8HQU4                                  0.54%    passed     63.77%
 125  A0A6I2VAT4                              0.00%    passed     77.06%
 126  A0A0G9MUP2                              0.54%    passed      8.80%
 127  E1SHV8                                  0.54%    passed     23.19%
 128  A0A2A2SBC3                              0.00%    passed     23.45%
 129  A0A5B2VFD4                              0.00%    passed     86.36%
 130  A0A4Q2RG75                              0.00%    passed     86.04%
 131  A0A4Q3LG60                              0.54%    passed     78.66%
 132  A0A4Q2U3N5                              0.00%    passed     48.99%
 133  A0A060QEG8                              0.00%    passed     92.90%
 134  A0A502GBB7                              0.54%    passed     60.45%
 135  A0A1C6EP20                              0.54%    failed      0.00%
 136  A0A0A8W5S2                              0.54%    failed      0.00%
 137  T4VKD6                                  0.54%    failed      0.00%
 138  A0A2D6P7T7                              4.84%    failed      0.22%
 139  A0A2E6XVQ7                              2.15%    passed      5.26%
 140  G0QG75                                  3.23%    passed     56.01%
 141  A0A1P9WTB2                              0.00%    passed     32.76%
 142  B8HWV7                                  0.00%    passed     29.01%
 143  A0A2T1DJ28                              0.00%    passed     33.71%
 144  A0A0P7YZ09                              0.00%    passed     52.75%
 145  Q8YSC4                                  0.00%    passed     76.71%
 146  A0A0C2RLC5                              0.00%    passed     73.21%
 147  U2E6R7                                  0.00%    passed     45.43%
 148  A0A6I1MRX8                              0.00%    failed      1.78%
 149  A0A072NB13                              0.00%    passed     37.19%
 150  A0A4R0NUF0                              0.00%    passed     27.00%
 151  A0A259U1H3                              0.00%    passed     41.64%
 152  A0A1H6XB79                              0.00%    failed      0.29%
 153  A0A1Q4ZQH2                              0.00%    passed      6.69%
 154  A0A498KZQ8                              0.00%    failed      2.37%
 155  C7NZL8                                  0.00%    failed      1.67%
 156  Q5V5V3                                  0.00%    failed      3.05%
 157  A0A6B0T5F9                              0.00%    passed     11.41%
 158  P42196                                  0.00%    passed     32.36%
 159  A0A1M5MCT4                              0.54%    failed      0.00%
 160  A0A6B9FAL0                              0.54%    failed      0.82%
 161  A0A498G7H5                              0.54%    failed      0.02%
 162  A0A0U5H3H0                              0.54%    failed      0.16%
 163  P71411                                  1.08%    passed      7.69%
 164  U1NPF7                                  1.61%    passed     91.77%
 165  U1P7Y5                                  0.54%    passed     41.78%
 166  A0A4U7F6N0                              1.08%    passed     10.79%
 167  Q5V4H7                                  0.54%    passed     40.70%
 168  A0A6A9SWG0                              0.00%    passed     28.72%
 169  V4HDD9                                  0.00%    failed      0.38%
 170  U1P5P5                                  0.00%    failed      0.00%
 171  D5HC99                                  1.61%    passed     32.31%
 172  Q5UXM9                                  0.00%    passed      8.10%
 173  A0A498KU55                              0.00%    passed     15.39%
 174  M1XQE5                                  0.00%    passed     30.97%
 175  C8CHH8                                  0.00%    passed     98.22%
 176  D1MER6                                  0.54%    passed     75.44%
 177  L1JQN0                                  0.00%    passed     82.35%
 178  L1J8F1                                  1.08%    passed     76.02%
 179  L1K4I3                                  0.00%    passed     48.34%
 180  L1JMR9                                  0.54%    passed     75.75%
 181  L1JTW1                                  0.00%    passed     46.65%
 182  A0A0P1BG63                              0.00%    passed     53.97%
 183  A0A0F7SBK8                              0.00%    passed     84.45%
 184  A0A164QU14                              0.54%    passed     94.08%
 185  A0A1Y2BBE7                              0.00%    passed     53.82%
 186  A0A0J0XEG0                              0.54%    failed      2.97%
 187  A0A4T0FUL7                              0.00%    passed     17.05%
 188  A0A4T0M3T9                              0.00%    passed     15.07%
 189  R9AD72                                  0.00%    passed     19.61%
 190  A0A370TLN9                              0.00%    passed     98.00%
 191  A0A094AQZ9                              0.00%    passed     87.71%
 192  A0A0B1P8N0                              0.00%    passed     89.56%
 193  A0A132B340                              0.00%    passed     84.51%
 194  A0A4T0DVF0                              0.00%    passed     73.79%
 195  A0A139HP61                              0.00%    passed     75.30%
 196  M2LKG9                                  0.00%    passed     92.37%
 197  A0A428QY72                              0.00%    passed     26.33%
 198  A0A0A1TEI9                              0.54%    passed     41.94%
 199  A0A545V9N2                              0.00%    passed     26.47%
 200  C5FG15                                  0.00%    passed     60.55%
 201  B8M4A2                                  0.00%    passed     26.92%
 202  A0A1V6TTM6                              0.00%    passed      5.57%
 203  A0A0M9WI01                              0.00%    passed     10.53%
 204  A0A1Y1HL70                              0.00%    passed     99.55%
 205  G3CEP6                                  0.00%    passed     21.11%
 206  A0A5J4XZL9                              0.54%    passed     17.29%
 207  I0YUS5                                  0.00%    passed     31.16%
 208  A0A559LZB3                              0.00%    passed     86.32%
 209  S8ATN8                                  0.00%    passed     91.18%
 210  A0A0D6EKB3                              0.00%    passed     73.83%
 211  A0A0C9V1G0                              0.00%    passed     43.53%
 212  A0A4Y9YNB3                              0.54%    passed     38.25%
 213  A0A0P9GJH2                              0.00%    failed      0.20%
 214  A0A427YHH2                              0.00%    passed     75.97%
 215  A0A0D0DXI7                              0.00%    passed     27.83%
 216  A0A4R0R0R3                              0.00%    passed     73.98%
 217  A0A166JYM5                              0.00%    passed     68.28%
 218  A0A4V6S1I2                              0.00%    passed     49.83%
 219  G5EH87                                  0.00%    passed     87.02%
 220  A0A2T6ZJD3                              0.00%    passed     21.30%
 221  A0A3D8QUM8                              0.00%    passed     23.12%
 222  A0A1E3QGV8                              0.00%    passed     44.94%
 223  J7R9K8                                  0.00%    failed      1.15%
 224  A0A1D2VLB6                              2.69%    passed     13.15%
 225  A0A1D2VP39                              2.15%    failed      2.81%
 226  A0A1L0BHF7                              0.00%    passed     11.54%
 227  K0KNN8                                  2.15%    failed      1.08%
 228  G0VC55                                  1.61%    passed     79.40%
 229  A0A2E3I592                              9.68%    passed     30.41%
 230  A0A524DSW8                              5.91%    passed     23.19%
 231  A0A524MW70                              5.38%    passed     10.51%
 232  A0A498H310                              2.15%    passed     61.97%
 233  A0A524D4Z6                              4.84%    passed     75.91%
 234  A0A513ZS49                              1.08%    passed     39.72%
 235  A0A513ZS48                              0.54%    passed     76.93%
 236  A0A513ZS31                              0.54%    passed     27.88%
 237  F2TZN0                                  0.54%    passed     36.60%
 238  A0A0L0SWF9                              0.54%    passed      8.29%
 239  A0A2H4ZEW1                              1.08%    passed     30.38%
 240  A0A507FHL0                              0.00%    passed     28.85%
 241  A0A507FES2                              0.54%    passed     19.78%
 242  A0A507C357                              0.54%    passed     10.06%
 243  A0A507C3K5                              0.54%    failed      3.83%
 244  C1EC80                                  0.00%    failed      0.56%
 245  C1MYB7                                  0.00%    passed     49.78%
 246  K8F6P9                                  0.00%    passed     29.57%
 247  A0A1Y5I757                              0.00%    failed      0.03%
 248  A0A1Y1IBK3                              1.61%    passed      5.85%
 249  L1I6C2                                  0.00%    failed      0.52%
 250  L1JDJ3                                  0.54%    passed     15.58%
 251  A0A250XMH3                              0.00%    failed      3.89%
 252  A0A2K3DJT8                              2.69%    passed     20.39%
 253  A0A2K3CX08                              0.00%    failed      4.84%
 254  A0A250X8V8                              0.54%    passed     25.32%
 255  A0A383VPK7                              0.54%    passed     19.09%
 256  A0A2K3E771                              0.54%    failed      3.41%
 257  A0A150GZA7                              0.00%    passed     11.73%
 258  A8J9Y9                                  0.54%    passed     90.09%
 259  A0A383WHH1                              1.08%    passed     14.33%
 260  A0A0D2M2L8                              1.61%    passed     42.84%
 261  A0A383VMI0                              0.00%    failed      2.95%
 262  A0A087SAD4                              3.23%    passed      7.61%
 263  A0A2P6UZS6                              0.54%    passed     71.79%
 264  A0A250X1L5                              0.00%    passed      6.34%
 265  A0A250X121                              2.69%    passed     39.07%
 266  A8I9V1                                  0.00%    passed     78.91%
 267  A0A699YRI6                              0.00%    passed     68.11%
 268  AHH02129.1                              2.69%    passed     14.08%
 269  QDS02893.1                              2.15%    passed     14.24%
 270  ANC73518.1                              1.61%    failed      3.09%
 271  ANC73519.1                              2.69%    passed     47.80%
 272  ARQ20888.1                              2.69%    passed      9.74%
 273  APZ76710.1                              1.61%    passed      9.23%
 274  AXB27148.1                              1.61%    passed     35.35%
 275  APZ76720.1                              1.61%    passed     19.60%
 276  APZ76709.1                              1.61%    passed     56.59%
 277  APZ76706.1                              1.61%    passed      8.94%
 278  APZ76721.1                              1.61%    failed      1.31%
 279  APZ76707.1                              1.61%    failed      0.39%
 280  APZ76718.1                              1.61%    passed     37.00%
 281  MMETSP1346_DN5182_c0_g3_i1.p1           1.61%    passed     90.24%
 282  MMETSP0964_DN10458_c0_g2_i1.p1          9.14%    passed     59.35%
 283  PRJNA437349_DN2923_c0_g1_i1.p1          1.61%    passed     49.46%
 284  BGKB01000105.1_gmes_10088               1.08%    failed      0.08%
 285  BGKB01000105.1_gmes_10089               1.08%    failed      0.36%
 286  QCW06522.1                              1.61%    passed     50.50%
 287  QCW06525.1                              3.23%    passed     87.42%
 288  JGI_Phaant1_gene_33736                  3.76%    passed     80.30%
 289  JGI_Phaant1_Phant.0016s0352.1           3.23%    passed     10.78%
 290  JGI_Phaglo1_gene_3469                   2.69%    passed      8.08%
 291  JGI_Phaant1_gene_3736                   1.08%    passed     19.62%
 292  JGI_Phaant1_gene_32416                  3.76%    passed     71.01%
 293  JGI_Phaglo1_gene_5444                   3.76%    passed     86.68%
 294  AEI83869.1                              1.08%    passed     21.61%
 295  AHH02142.1                              1.08%    passed     79.60%
 296  AGF84747.1                              1.08%    passed      6.47%
 297  AHH02098.1                              1.08%    passed     22.30%
 298  AHH02100.1                              1.08%    failed      0.00%
 299  ABZ90901.1                              1.08%    passed     35.34%
 300  AER58217.1                              1.08%    failed      0.36%
 301  AEY68833.1                              1.08%    passed     92.15%
 302  AHH02126.1                              1.08%    failed      0.02%
 303  1KP_ISIM_2036828.p1                     1.61%    failed      0.00%
 304  CYMBO-Kim_comp30349_c0_seq1.p1          1.08%    failed      1.71%
 305  MMETSP0033_DN11041_c4_g1_i1.p1          2.15%    passed     21.88%
 306  MMETSP0803_DN11515_c6_g1_i1.p1          1.08%    passed      6.06%
 307  MMETSP1326_DN13616_c1_g2_i1.p1          1.08%    passed     11.90%
 308  MMETSP1106_DN5271_c1_g1_i1.p1           1.08%    failed      0.46%
 309  1KP_QXSZ_2010086.p1                     2.15%    passed     60.34%
 310  MMETSP0033_DN14889_c0_g1_i1.p1          1.08%    passed     26.48%
 311  PRJNA342459-36897_SRR4293310_2610.p1    1.08%    passed     57.60%
 312  1KP_TNAW_2078497.p1                     1.08%    failed      1.32%
 313  MMETSP1081_DN18642_c1_g1_i1.p1          1.08%    failed      2.53%
 314  MMETSP0058_DN19955_c0_g1_i1.p1          0.54%    passed     14.38%
 315  MMETSP1169_DN2685_c1_g1_i1.p2           1.08%    passed     96.17%
****  TOTAL                                   1.39%  74 sequences failed composition chi2 test (p-value<5%; df=19)

NOTE: Restoring information from model checkpoint file uniref50-PF18761-IPR001425-ChRs.reduced_long.iqtree.19.model.gz

CHECKPOINT: Initial tree restored
NOTE: ModelFinder requires 102 MB RAM!
ModelFinder will test 462 protein models (sample size: 186) ...
 No. Model         -LnL         df  AIC          AICc         BIC
  1  Dayhoff       105357.763   627 211969.527   999481.527   213992.070
  2  Dayhoff+G4    102977.272   628 207210.543   997234.543   209236.312
  3  Dayhoff+R2    103633.957   629 208525.915   1001065.915  210554.909
  4  Dayhoff+R3    103098.266   631 207458.533   1005042.533  209493.979
  5  Dayhoff+R4    102935.830   633 207137.660   1009781.660  209179.558
  6  Dayhoff+R5    102853.749   635 206977.498   1014697.498  209025.848
  7  Dayhoff+R6    102808.709   637 206891.419   1019703.419  208946.220
  8  Dayhoff+R7    102797.972   639 206873.944   1024793.944  208935.196
  9  Dayhoff+R8    102784.394   641 206850.789   1029894.789  208918.493
 10  Dayhoff+R9    102783.559   643 206853.118   1035037.118  208927.273
 12  Dayhoff+F     102922.901   646 207137.803   1043061.803  209221.635
 13  Dayhoff+F+G4  100420.003   647 202134.007   1040646.007  204221.065
 14  Dayhoff+F+R2  101135.527   648 203567.055   1044671.055  205657.339
 15  Dayhoff+F+R3  100621.109   650 202542.219   1048842.219  204638.954
 16  Dayhoff+F+R4  100393.526   652 202091.053   1053603.053  204194.240
 17  Dayhoff+F+R5  100353.159   654 202014.319   1058754.319  204123.957
 18  Dayhoff+F+R6  100328.904   656 201969.807   1063953.807  204085.897
 19  Dayhoff+F+R7  100313.447   658 201942.894   1069186.894  204065.435
 20  Dayhoff+F+R8  100305.716   660 201931.433   1074451.433  204060.425
 21  Dayhoff+F+R9  100305.713   662 201935.426   1079747.426  204070.871
 23  mtMAM         111208.658   627 223671.316   1011183.316  225693.860
 24  mtMAM+G4      107156.265   628 215568.531   1005592.531  217594.299
 25  mtMAM+R2      108463.490   629 218184.980   1010724.980  220213.975
 26  mtMAM+R3      107560.071   631 216382.142   1013966.142  218417.589
 27  mtMAM+R4      107231.219   633 215728.438   1018372.438  217770.336
 28  mtMAM+R5      107169.098   635 215608.195   1023328.195  217656.544
 29  mtMAM+R6      107033.825   637 215341.650   1028153.650  217396.450
 30  mtMAM+R7      106935.334   639 215148.668   1033068.668  217209.920
 31  mtMAM+R8      106923.044   641 215128.089   1038172.089  217195.793
 32  mtMAM+R9      106922.825   643 215131.650   1043315.650  217205.805
 34  mtMAM+F       108458.989   646 218209.978   1054133.978  220293.810
 35  mtMAM+F+G4    104279.986   647 209853.973   1048365.973  211941.031
 36  mtMAM+F+R2    105689.660   648 212675.320   1053779.320  214765.604
 37  mtMAM+F+R3    104756.234   650 210812.469   1057112.469  212909.204
 38  mtMAM+F+R4    104418.359   652 210140.717   1061652.717  212243.904
 39  mtMAM+F+R5    104350.458   654 210008.917   1066748.917  212118.555
 40  mtMAM+F+R6    104223.947   656 209759.894   1071743.894  211875.983
 41  mtMAM+F+R7    104094.207   658 209504.414   1076748.414  211626.956
 42  mtMAM+F+R8    104087.469   660 209494.938   1082014.938  211623.931
 43  mtMAM+F+R9    104087.370   662 209498.740   1087310.740  211634.185
 45  JTT           104016.725   627 209287.450   996799.450   211309.993
 46  JTT+G4        101794.264   628 204844.527   994868.527   206870.296
 47  JTT+R2        102414.026   629 206086.052   998626.052   208115.047
 48  JTT+R3        101955.342   631 205172.683   1002756.683  207208.129
 49  JTT+R4        101741.840   633 204749.680   1007393.680  206791.578
 50  JTT+R5        101701.105   635 204672.211   1012392.211  206720.560
 51  JTT+R6        101662.608   637 204599.216   1017411.216  206654.017
 52  JTT+R7        101656.936   639 204591.872   1022511.872  206653.124
 53  JTT+R8        101654.691   641 204591.383   1027635.383  206659.086
 56  JTT+F         102387.313   646 206066.626   1041990.626  208150.458
 57  JTT+F+G4      99932.295    647 201158.590   1039670.590  203245.648
 58  JTT+F+R2      100662.626   648 202621.253   1043725.253  204711.536
 59  JTT+F+R3      100120.153   650 201540.306   1047840.306  203637.041
 60  JTT+F+R4      99907.860    652 201119.720   1052631.720  203222.906
 61  JTT+F+R5      99873.937    654 201055.875   1057795.875  203165.513
 62  JTT+F+R6      99834.063    656 200980.126   1062964.126  203096.216
 63  JTT+F+R7      99824.618    658 200965.237   1068209.237  203087.778
 64  JTT+F+R8      99821.543    660 200963.087   1073483.087  203092.080
 67  WAG           103144.249   627 207542.498   995054.498   209565.041
 68  WAG+G4        101049.916   628 203355.831   993379.831   205381.600
 69  WAG+R2        101605.692   629 204469.383   997009.383   206498.378
 70  WAG+R3        101203.029   631 203668.057   1001252.057  205703.503
 71  WAG+R4        100983.756   633 203233.513   1005877.513  205275.410
 72  WAG+R5        100944.681   635 203159.363   1010879.363  205207.712
 73  WAG+R6        100920.150   637 203114.299   1015926.299  205169.100
 74  WAG+R7        100914.591   639 203107.183   1021027.183  205168.435
 75  WAG+R8        100913.276   641 203108.553   1026152.553  205176.256
 78  WAG+F         101697.861   646 204687.721   1040611.721  206771.554
 79  WAG+F+G4      99360.972    647 200015.943   1038527.943  202103.002
 80  WAG+F+R2      100017.194   648 201330.388   1042434.388  203420.672
 81  WAG+F+R3      99518.486    650 200336.972   1046636.972  202433.707
 82  WAG+F+R4      99318.348    652 199940.696   1051452.696  202043.882
 83  WAG+F+R5      99264.836    654 199837.672   1056577.672  201947.310
 84  WAG+F+R6      99240.236    656 199792.471   1061776.471  201908.561
 85  WAG+F+R7      99232.387    658 199780.774   1067024.774  201903.316
 86  WAG+F+R8      99229.740    660 199779.479   1072299.479  201908.472
 89  cpREV         103504.923   627 208263.846   995775.846   210286.389
 90  cpREV+G4      101331.218   628 203918.435   993942.435   205944.204
 91  cpREV+R2      101945.633   629 205149.267   997689.267   207178.261
 92  cpREV+R3      101537.519   631 204337.039   1001921.039  206372.485
 93  cpREV+R4      101266.532   633 203799.063   1006443.063  205840.961
 94  cpREV+R5      101215.410   635 203700.820   1011420.820  205749.169
 95  cpREV+R6      101200.223   637 203674.446   1016486.446  205729.247
 96  cpREV+R7      101191.883   639 203661.765   1021581.765  205723.017
 97  cpREV+R8      101191.664   641 203665.328   1026709.328  205733.031
100  cpREV+F       101768.503   646 204829.006   1040753.006  206912.839
101  cpREV+F+G4    99516.203    647 200326.406   1038838.406  202413.464
102  cpREV+F+R2    100151.377   648 201598.754   1042702.754  203689.038
103  cpREV+F+R3    99726.945    650 200753.889   1047053.889  202850.625
104  cpREV+F+R4    99486.403    652 200276.806   1051788.806  202379.993
105  cpREV+F+R5    99449.124    654 200206.248   1056946.248  202315.886
106  cpREV+F+R6    99421.901    656 200155.802   1062139.802  202271.892
107  cpREV+F+R7    99413.613    658 200143.226   1067387.226  202265.767
108  cpREV+F+R8    99413.426    660 200146.851   1072666.851  202275.844
111  mtREV         107164.466   627 215582.931   1003094.931  217605.474
112  mtREV+G4      104125.324   628 209506.649   999530.649   211532.418
113  mtREV+R2      105066.580   629 211391.160   1003931.160  213420.154
114  mtREV+R3      104376.101   631 210014.202   1007598.202  212049.648
115  mtREV+R4      104135.360   633 209536.721   1012180.721  211578.619
116  mtREV+R5      104029.689   635 209329.377   1017049.377  211377.726
117  mtREV+R6      104006.113   637 209286.226   1022098.226  211341.026
118  mtREV+R7      103987.675   639 209253.349   1027173.349  211314.602
119  mtREV+R8      103987.355   641 209256.710   1032300.710  211324.414
122  mtREV+F       104480.856   646 210253.712   1046177.712  212337.544
123  mtREV+F+G4    101279.078   647 203852.156   1042364.156  205939.215
124  mtREV+F+R2    102207.902   648 205711.804   1046815.804  207802.088
125  mtREV+F+R3    101548.682   650 204397.364   1050697.364  206494.099
126  mtREV+F+R4    101299.969   652 203903.939   1055415.939  206007.126
127  mtREV+F+R5    101209.405   654 203726.811   1060466.811  205836.449
128  mtREV+F+R6    101178.383   656 203668.766   1065652.766  205784.856
129  mtREV+F+R7    101162.025   658 203640.050   1070884.050  205762.592
130  mtREV+F+R8    101161.675   660 203643.350   1076163.350  205772.342
133  rtREV         104041.302   627 209336.604   996848.604   211359.147
134  rtREV+G4      101791.916   628 204839.833   994863.833   206865.602
135  rtREV+R2      102451.697   629 206161.393   998701.393   208190.388
136  rtREV+R3      101978.887   631 205219.773   1002803.773  207255.219
137  rtREV+R4      101744.294   633 204754.588   1007398.588  206796.486
138  rtREV+R5      101708.041   635 204686.081   1012406.081  206734.430
139  rtREV+R6      101691.029   637 204656.058   1017468.058  206710.859
140  rtREV+R7      101671.242   639 204620.484   1022540.484  206681.736
141  rtREV+R8      101671.192   641 204624.385   1027668.385  206692.089
144  rtREV+F       102420.915   646 206133.830   1042057.830  208217.662
145  rtREV+F+G4    99657.163    647 200608.326   1039120.326  202695.384
146  rtREV+F+R2    100494.126   648 202284.251   1043388.251  204374.535
147  rtREV+F+R3    99869.189    650 201038.377   1047338.377  203135.112
148  rtREV+F+R4    99635.509    652 200575.018   1052087.018  202678.205
149  rtREV+F+R5    99570.526    654 200449.052   1057189.052  202558.691
150  rtREV+F+R6    99524.978    656 200361.956   1062345.956  202478.046
151  rtREV+F+R7    99502.374    658 200320.749   1067564.749  202443.290
152  rtREV+F+R8    99502.360    660 200324.720   1072844.720  202453.712
155  mtART         107394.657   627 216043.315   1003555.315  218065.858
156  mtART+G4      103654.258   628 208564.516   998588.516   210590.285
157  mtART+R2      104697.164   629 210652.328   1003192.328  212681.323
158  mtART+R3      103896.492   631 209054.984   1006638.984  211090.430
159  mtART+R4      103643.142   633 208552.284   1011196.284  210594.182
160  mtART+R5      103605.110   635 208480.221   1016200.221  210528.570
161  mtART+R6      103510.014   637 208294.029   1021106.029  210348.829
162  mtART+R7      103439.232   639 208156.464   1026076.464  210217.716
163  mtART+R8      103439.032   641 208160.063   1031204.063  210227.767
166  mtART+F       105844.797   646 212981.595   1048905.595  215065.427
167  mtART+F+G4    101934.639   647 205163.278   1043675.278  207250.336
168  mtART+F+R2    103054.209   648 207404.418   1048508.418  209494.702
169  mtART+F+R3    102236.221   650 205772.441   1052072.441  207869.177
170  mtART+F+R4    102004.786   652 205313.571   1056825.571  207416.758
171  mtART+F+R5    101936.757   654 205181.514   1061921.514  207291.152
172  mtART+F+R6    101837.821   656 204987.642   1066971.642  207103.732
173  mtART+F+R7    101761.280   658 204838.559   1072082.559  206961.101
174  mtART+F+R8    101761.053   660 204842.105   1077362.105  206971.098
177  mtZOA         104442.331   627 210138.662   997650.662   212161.206
178  mtZOA+G4      101184.161   628 203624.323   993648.323   205650.092
179  mtZOA+R2      102122.443   629 205502.885   998042.885   207531.880
180  mtZOA+R3      101375.108   631 204012.216   1001596.216  206047.663
181  mtZOA+R4      101168.563   633 203603.125   1006247.125  205645.023
182  mtZOA+R5      101111.408   635 203492.817   1011212.817  205541.166
183  mtZOA+R6      101050.902   637 203375.804   1016187.804  205430.605
184  mtZOA+R7      100992.196   639 203262.393   1021182.393  205323.645
185  mtZOA+R8      100992.042   641 203266.084   1026310.084  205333.788
188  mtZOA+F       103815.195   646 208922.391   1044846.391  211006.223
189  mtZOA+F+G4    100432.016   647 202158.032   1040670.032  204245.090
190  mtZOA+F+R2    101417.467   648 204130.934   1045234.934  206221.218
191  mtZOA+F+R3    100646.854   650 202593.707   1048893.707  204690.442
192  mtZOA+F+R4    100427.590   652 202159.179   1053671.179  204262.366
193  mtZOA+F+R5    100378.119   654 202064.238   1058804.238  204173.877
194  mtZOA+F+R6    100311.295   656 201934.590   1063918.590  204050.680
195  mtZOA+F+R7    100254.314   658 201824.628   1069068.628  203947.169
196  mtZOA+F+R8    100254.251   660 201828.502   1074348.502  203957.495
199  VT            102737.708   627 206729.417   994241.417   208751.960
200  VT+G4         100779.064   628 202814.128   992838.128   204839.897
201  VT+R2         101327.928   629 203913.856   996453.856   205942.851
202  VT+R3         100914.069   631 203090.139   1000674.139  205125.585
203  VT+R4         100710.546   633 202687.092   1005331.092  204728.990
204  VT+R5         100683.695   635 202637.390   1010357.390  204685.739
205  VT+R6         100660.687   637 202595.374   1015407.374  204650.174
206  VT+R7         100655.674   639 202589.348   1020509.348  204650.601
210  VT+F          101173.212   646 203638.423   1039562.423  205722.256
211  VT+F+G4       99009.160    647 199312.320   1037824.320  201399.378
212  VT+F+R2       99654.267    648 200604.533   1041708.533  202694.817
213  VT+F+R3       99170.189    650 199640.378   1045940.378  201737.113
214  VT+F+R4       98973.360    652 199250.721   1050762.721  201353.908
215  VT+F+R5       98927.432    654 199162.865   1055902.865  201272.503
216  VT+F+R6       98904.480    656 199120.961   1061104.961  201237.050
217  VT+F+R7       98894.764    658 199105.528   1066349.528  201228.069
218  VT+F+R8       98894.673    660 199109.347   1071629.347  201238.340
221  LG            102618.535   627 206491.069   994003.069   208513.613
222  LG+G4         100306.959   628 201869.917   991893.917   203895.686
223  LG+R2         100992.454   629 203242.908   995782.908   205271.902
224  LG+R3         100505.110   631 202272.219   999856.219   204307.665
225  LG+R4         100266.055   633 201798.111   1004442.111  203840.009
226  LG+R5         100220.178   635 201710.355   1009430.355  203758.704
227  LG+R6         100202.935   637 201679.871   1014491.871  203734.671
228  LG+R7         100193.205   639 201664.410   1019584.410  203725.662
229  LG+R8         100193.159   641 201668.318   1024712.318  203736.022
232  LG+F          101815.109   646 204922.218   1040846.218  207006.051
233  LG+F+G4       99091.154    647 199476.307   1037988.307  201563.366
234  LG+F+R2       99929.182    648 201154.364   1042258.364  203244.648
235  LG+F+R3       99293.852    650 199887.704   1046187.704  201984.439
236  LG+F+R4       99089.330    652 199482.661   1050994.661  201585.848
237  LG+F+R5       99018.555    654 199345.110   1056085.110  201454.749
238  LG+F+R6       98981.826    656 199275.653   1061259.653  201391.743
239  LG+F+R7       98963.085    658 199242.171   1066486.171  201364.712
240  LG+F+R8       98962.602    660 199245.203   1071765.203  201374.196
243  DCMut         105342.807   627 211939.613   999451.613   213962.157
244  DCMut+G4      102968.286   628 207192.571   997216.571   209218.340
245  DCMut+R2      103624.213   629 208506.426   1001046.426  210535.421
246  DCMut+R3      103089.535   631 207441.071   1005025.071  209476.517
247  DCMut+R4      102928.880   633 207123.761   1009767.761  209165.658
248  DCMut+R5      102848.819   635 206967.637   1014687.637  209015.987
249  DCMut+R6      102802.631   637 206879.263   1019691.263  208934.063
250  DCMut+R7      102788.789   639 206855.577   1024775.577  208916.829
251  DCMut+R8      102788.050   641 206858.100   1029902.100  208925.804
254  DCMut+F       102913.025   646 207118.049   1043042.049  209201.882
255  DCMut+F+G4    100414.734   647 202123.469   1040635.469  204210.527
256  DCMut+F+R2    101129.483   648 203554.967   1044658.967  205645.250
257  DCMut+F+R3    100615.694   650 202531.388   1048831.388  204628.123
258  DCMut+F+R4    100388.268   652 202080.537   1053592.537  204183.723
259  DCMut+F+R5    100348.023   654 202004.046   1058744.046  204113.684
260  DCMut+F+R6    100323.780   656 201959.559   1063943.559  204075.649
261  DCMut+F+R7    100316.315   658 201948.631   1069192.631  204071.172
262  DCMut+F+R8    100312.244   660 201944.488   1074464.488  204073.481
265  PMB           102175.687   627 205605.375   993117.375   207627.918
266  PMB+G4        100262.382   628 201780.763   991804.763   203806.532
267  PMB+R2        100812.881   629 202883.762   995423.762   204912.757
268  PMB+R3        100381.020   631 202024.041   999608.041   204059.487
269  PMB+R4        100192.263   633 201650.526   1004294.526  203692.423
270  PMB+R5        100155.577   635 201581.154   1009301.154  203629.503
271  PMB+R6        100140.574   637 201555.148   1014367.148  203609.948
272  PMB+R7        100130.575   639 201539.151   1019459.151  203600.403
273  PMB+R8        100117.316   641 201516.632   1024560.632  203584.336
274  PMB+R9        100117.315   643 201520.629   1029704.629  203594.784
276  PMB+F         101635.495   646 204562.991   1040486.991  206646.823
277  PMB+F+G4      99430.573    647 200155.147   1038667.147  202242.205
278  PMB+F+R2      100076.355   648 201448.710   1042552.710  203538.993
279  PMB+F+R3      99572.940    650 200445.881   1046745.881  202542.616
280  PMB+F+R4      99394.257    652 200092.515   1051604.515  202195.702
281  PMB+F+R5      99334.417    654 199976.833   1056716.833  202086.472
282  PMB+F+R6      99310.420    656 199932.840   1061916.840  202048.930
283  PMB+F+R7      99298.442    658 199912.885   1067156.885  202035.426
284  PMB+F+R8      99291.883    660 199903.767   1072423.767  202032.760
285  PMB+F+R9      99291.882    662 199907.763   1077719.763  202043.208
287  HIVb          107131.627   627 215517.254   1003029.254  217539.797
288  HIVb+G4       104564.174   628 210384.347   1000408.347  212410.116
289  HIVb+R2       105300.679   629 211859.358   1004399.358  213888.352
290  HIVb+R3       104730.016   631 210722.032   1008306.032  212757.479
291  HIVb+R4       104491.475   633 210248.949   1012892.949  212290.847
292  HIVb+R5       104427.421   635 210124.841   1017844.841  212173.190
293  HIVb+R6       104390.896   637 210055.792   1022867.792  212110.592
294  HIVb+R7       104370.294   639 210018.588   1027938.588  212079.840
295  HIVb+R8       104365.751   641 210013.502   1033057.502  212081.206
298  HIVb+F        105366.008   646 212024.016   1047948.016  214107.848
299  HIVb+F+G4     102410.615   647 206115.230   1044627.230  208202.288
300  HIVb+F+R2     103232.754   648 207761.509   1048865.509  209851.793
301  HIVb+F+R3     102658.530   650 206617.059   1052917.059  208713.795
302  HIVb+F+R4     102397.346   652 206098.693   1057610.693  208201.879
303  HIVb+F+R5     102324.444   654 205956.887   1062696.887  208066.525
304  HIVb+F+R6     102300.863   656 205913.726   1067897.726  208029.816
305  HIVb+F+R7     102270.874   658 205857.749   1073101.749  207980.290
306  HIVb+F+R8     102267.682   660 205855.364   1078375.364  207984.356
309  HIVw          113029.015   627 227312.030   1014824.030  229334.573
310  HIVw+G4       110249.838   628 221755.676   1011779.676  223781.445
311  HIVw+R2       111038.687   629 223335.375   1015875.375  225364.369
312  HIVw+R3       110457.626   631 222177.251   1019761.251  224212.697
313  HIVw+R4       110202.997   633 221671.994   1024315.994  223713.891
314  HIVw+R5       110133.297   635 221536.594   1029256.594  223584.943
315  HIVw+R6       110087.093   637 221448.185   1034260.185  223502.986
316  HIVw+R7       110062.540   639 221403.080   1039323.080  223464.332
317  HIVw+R8       110053.707   641 221389.413   1044433.413  223457.117
318  HIVw+R9       110049.509   643 221385.019   1049569.019  223459.174
320  HIVw+F        108237.969   646 217767.938   1053691.938  219851.770
321  HIVw+F+G4     105351.917   647 211997.834   1050509.834  214084.892
322  HIVw+F+R2     106139.883   648 213575.766   1054679.766  215666.050
323  HIVw+F+R3     105575.226   650 212450.452   1058750.452  214547.188
324  HIVw+F+R4     105330.371   652 211964.743   1063476.743  214067.929
325  HIVw+F+R5     105251.632   654 211811.264   1068551.264  213920.902
326  HIVw+F+R6     105209.987   656 211731.973   1073715.973  213848.063
327  HIVw+F+R7     105194.415   658 211704.831   1078948.831  213827.372
328  HIVw+F+R8     105192.808   660 211705.615   1084225.615  213834.608
331  JTTDCMut      104041.980   627 209337.959   996849.959   211360.502
332  JTTDCMut+G4   101821.053   628 204898.106   994922.106   206923.875
333  JTTDCMut+R2   102439.288   629 206136.576   998676.576   208165.570
334  JTTDCMut+R3   101982.653   631 205227.305   1002811.305  207262.751
335  JTTDCMut+R4   101765.992   633 204797.985   1007441.985  206839.882
336  JTTDCMut+R5   101727.182   635 204724.363   1012444.363  206772.712
337  JTTDCMut+R6   101690.457   637 204654.915   1017466.915  206709.715
338  JTTDCMut+R7   101684.589   639 204647.178   1022567.178  206708.430
339  JTTDCMut+R8   101682.366   641 204646.731   1027690.731  206714.435
342  JTTDCMut+F    102396.443   646 206084.885   1042008.885  208168.718
343  JTTDCMut+F+G4 99941.381    647 201176.762   1039688.762  203263.820
344  JTTDCMut+F+R2 100668.669   648 202633.339   1043737.339  204723.623
345  JTTDCMut+F+R3 100132.540   650 201565.080   1047865.080  203661.815
346  JTTDCMut+F+R4 99916.877    652 201137.753   1052649.753  203240.940
347  JTTDCMut+F+R5 99882.288    654 201072.576   1057812.576  203182.214
348  JTTDCMut+F+R6 99844.369    656 201000.739   1062984.739  203116.828
349  JTTDCMut+F+R7 99834.009    658 200984.018   1068228.018  203106.559
350  JTTDCMut+F+R8 99830.472    660 200980.945   1073500.945  203109.937
353  FLU           107191.551   627 215637.103   1003149.103  217659.646
354  FLU+G4        104538.079   628 210332.159   1000356.159  212357.927
355  FLU+R2        105303.169   629 211864.338   1004404.338  213893.332
356  FLU+R3        104714.411   631 210690.822   1008274.822  212726.268
357  FLU+R4        104496.336   633 210258.672   1012902.672  212300.570
358  FLU+R5        104430.613   635 210131.226   1017851.226  212179.575
359  FLU+R6        104399.876   637 210073.752   1022885.752  212128.553
360  FLU+R7        104386.877   639 210051.754   1027971.754  212113.006
361  FLU+R8        104383.374   641 210048.749   1033092.749  212116.452
364  FLU+F         105275.318   646 211842.635   1047766.635  213926.468
365  FLU+F+G4      102236.673   647 205767.345   1044279.345  207854.403
366  FLU+F+R2      103065.808   648 207427.615   1048531.615  209517.899
367  FLU+F+R3      102413.536   650 206127.071   1052427.071  208223.806
368  FLU+F+R4      102227.051   652 205758.102   1057270.102  207861.288
369  FLU+F+R5      102142.522   654 205593.045   1062333.045  207702.683
370  FLU+F+R6      102105.268   656 205522.537   1067506.537  207638.626
371  FLU+F+R7      102096.154   658 205508.307   1072752.307  207630.848
372  FLU+F+R8      102089.822   660 205499.643   1078019.643  207628.636
373  FLU+F+R9      102083.969   662 205491.937   1083303.937  207627.382
374  FLU+F+R10     102070.679   664 205469.359   1088589.359  207611.255
375  Blosum62      102404.926   627 206063.851   993575.851   208086.394
376  Blosum62+G4   100464.505   628 202185.010   992209.010   204210.779
377  Blosum62+R2   101006.864   629 203271.729   995811.729   205300.723
378  Blosum62+R3   100585.600   631 202433.200   1000017.200  204468.646
379  Blosum62+R4   100396.207   633 202058.414   1004702.414  204100.312
380  Blosum62+R5   100359.273   635 201988.546   1009708.546  204036.895
381  Blosum62+R6   100340.726   637 201955.453   1014767.453  204010.253
382  Blosum62+R7   100329.270   639 201936.540   1019856.540  203997.792
383  Blosum62+R8   100325.783   641 201933.566   1024977.566  204001.269
386  Blosum62+F    101503.137   646 204298.275   1040222.275  206382.107
387  Blosum62+F+G4 99316.389    647 199926.779   1038438.779  202013.837
388  Blosum62+F+R2 99960.358    648 201216.717   1042320.717  203307.001
389  Blosum62+F+R3 99451.005    650 200202.010   1046502.010  202298.745
390  Blosum62+F+R4 99276.594    652 199857.189   1051369.189  201960.376
391  Blosum62+F+R5 99202.701    654 199713.401   1056453.401  201823.039
392  Blosum62+F+R6 99183.481    656 199678.962   1061662.962  201795.052
393  Blosum62+F+R7 99174.277    658 199664.554   1066908.554  201787.095
394  Blosum62+F+R8 99170.261    660 199660.523   1072180.523  201789.515
397  mtMet         106183.449   627 213620.899   1001132.899  215643.442
398  mtMet+G4      103135.097   628 207526.195   997550.195   209551.964
399  mtMet+R2      104057.356   629 209372.713   1001912.713  211401.707
400  mtMet+R3      103326.478   631 207914.956   1005498.956  209950.402
401  mtMet+R4      103160.444   633 207586.888   1010230.888  209628.786
402  mtMet+R5      103041.250   635 207352.499   1015072.499  209400.848
403  mtMet+R6      102976.222   637 207226.444   1020038.444  209281.245
404  mtMet+R7      102950.296   639 207178.593   1025098.593  209239.845
405  mtMet+R8      102932.688   641 207147.376   1030191.376  209215.080
406  mtMet+R9      102932.556   643 207151.111   1035335.111  209225.267
408  mtMet+F       103996.193   646 209284.387   1045208.387  211368.219
409  mtMet+F+G4    100776.028   647 202846.056   1041358.056  204933.114
410  mtMet+F+R2    101764.422   648 204824.844   1045928.844  206915.128
411  mtMet+F+R3    101005.173   650 203310.347   1049610.347  205407.082
412  mtMet+F+R4    100828.007   652 202960.014   1054472.014  205063.201
413  mtMet+F+R5    100721.281   654 202750.562   1059490.562  204860.201
414  mtMet+F+R6    100652.041   656 202616.081   1064600.081  204732.171
415  mtMet+F+R7    100626.502   658 202569.003   1069813.003  204691.545
416  mtMet+F+R8    100615.617   660 202551.233   1075071.233  204680.226
417  mtMet+F+R9    100615.226   662 202554.452   1080366.452  204689.896
419  mtVer         108848.115   627 218950.231   1006462.231  220972.774
420  mtVer+G4      105358.835   628 211973.671   1001997.671  213999.440
421  mtVer+R2      106403.810   629 214065.620   1006605.620  216094.615
422  mtVer+R3      105641.496   631 212544.991   1010128.991  214580.437
423  mtVer+R4      105444.834   633 212155.668   1014799.668  214197.566
424  mtVer+R5      105320.279   635 211910.558   1019630.558  213958.908
425  mtVer+R6      105241.297   637 211756.594   1024568.594  213811.394
426  mtVer+R7      105208.657   639 211695.313   1029615.313  213756.565
427  mtVer+R8      105182.300   641 211646.600   1034690.600  213714.304
428  mtVer+R9      105182.247   643 211650.494   1039834.494  213724.649
430  mtVer+F       105942.211   646 213176.422   1049100.422  215260.255
431  mtVer+F+G4    102471.065   647 206236.129   1044748.129  208323.187
432  mtVer+F+R2    103533.609   648 208363.218   1049467.218  210453.502
433  mtVer+F+R3    102759.990   650 206819.979   1053119.979  208916.715
434  mtVer+F+R4    102554.229   652 206412.458   1057924.458  208515.645
435  mtVer+F+R5    102435.687   654 206179.374   1062919.374  208289.013
436  mtVer+F+R6    102358.313   656 206028.626   1068012.626  208144.716
437  mtVer+F+R7    102325.819   658 205967.638   1073211.638  208090.179
438  mtVer+F+R8    102309.466   660 205938.933   1078458.933  208067.926
439  mtVer+F+R9    102309.459   662 205942.918   1083754.918  208078.362
441  mtInv         105707.689   627 212669.377   1000181.377  214691.921
442  mtInv+G4      102962.936   628 207181.872   997205.872   209207.641
443  mtInv+R2      103842.963   629 208943.925   1001483.925  210972.920
444  mtInv+R3      103136.416   631 207534.831   1005118.831  209570.278
445  mtInv+R4      102969.952   633 207205.903   1009849.903  209247.801
446  mtInv+R5      102848.165   635 206966.331   1014686.331  209014.680
447  mtInv+R6      102795.998   637 206865.997   1019677.997  208920.798
448  mtInv+R7      102777.135   639 206832.270   1024752.270  208893.522
449  mtInv+R8      102764.998   641 206811.996   1029855.996  208879.700
450  mtInv+R9      102764.980   643 206815.961   1034999.961  208890.116
452  mtInv+F       102570.677   646 206433.355   1042357.355  208517.187
453  mtInv+F+G4    99707.688    647 200709.376   1039221.376  202796.434
454  mtInv+F+R2    100612.730   648 202521.459   1043625.459  204611.743
455  mtInv+F+R3    99888.796    650 201077.592   1047377.592  203174.328
456  mtInv+F+R4    99728.814    652 200761.629   1052273.629  202864.816
457  mtInv+F+R5    99628.639    654 200565.279   1057305.279  202674.917
458  mtInv+F+R6    99575.766    656 200463.532   1062447.532  202579.622
459  mtInv+F+R7    99562.934    658 200441.868   1067685.868  202564.410
460  mtInv+F+R8    99554.494    660 200428.988   1072948.988  202557.981
461  mtInv+F+R9    99554.464    662 200432.928   1078244.928  202568.372
Akaike Information Criterion:           VT+F+R7
Corrected Akaike Information Criterion: PMB+G4
Bayesian Information Criterion:         VT+F+R7
Best-fit model: VT+F+R7 chosen according to BIC

All model information printed to uniref50-PF18761-IPR001425-ChRs.reduced_long.iqtree.19.model.gz
CPU time for ModelFinder: 11953.764 seconds (3h:19m:13s)
Wall-clock time for ModelFinder: 4005.296 seconds (1h:6m:45s)
Generating 1000 samples for ultrafast bootstrap (seed: 265035)...

NOTE: 71 MB RAM (0 GB) is required!
Estimate model parameters (epsilon = 0.100)
1. Initial log-likelihood: -99011.049
2. Current log-likelihood: -98899.832
3. Current log-likelihood: -98897.891
4. Current log-likelihood: -98896.974
5. Current log-likelihood: -98895.662
6. Current log-likelihood: -98894.649
7. Current log-likelihood: -98894.204
8. Current log-likelihood: -98893.921
9. Current log-likelihood: -98893.758
Optimal log-likelihood: -98893.655
Site proportion and rates:  (0.067,0.181) (0.055,0.346) (0.153,0.582) (0.213,0.819) (0.277,1.088) (0.153,1.535) (0.082,2.051)
Parameters optimization took 9 rounds (28.813 sec)
Computing ML distances based on estimated model parameters... 111.403 sec
WARNING: Some pairwise ML distances are too long (saturated)
Computing BIONJ tree...
0.086 seconds
Log-likelihood of BIONJ tree: -99042.400
--------------------------------------------------------------------
|             INITIALIZING CANDIDATE TREE SET                      |
--------------------------------------------------------------------
Generating 98 parsimony trees... 23.887 second
Computing log-likelihood of 98 initial trees ... 38.560 seconds
Current best score: -98719.265

Do NNI search on 20 best initial trees
Estimate model parameters (epsilon = 0.100)
BETTER TREE FOUND at iteration 1: -98475.360
Estimate model parameters (epsilon = 0.100)
BETTER TREE FOUND at iteration 2: -98448.408
Iteration 10 / LogL: -98495.244 / Time: 0h:3m:19s
Iteration 20 / LogL: -98523.857 / Time: 0h:4m:11s
Finish initializing candidate tree set (20)
Current best tree score: -98448.408 / CPU time: 181.231
Number of iterations: 20
--------------------------------------------------------------------
|               OPTIMIZING CANDIDATE TREE SET                      |
--------------------------------------------------------------------
Estimate model parameters (epsilon = 0.100)
BETTER TREE FOUND at iteration 25: -98440.804
Estimate model parameters (epsilon = 0.100)
BETTER TREE FOUND at iteration 26: -98436.614
Estimate model parameters (epsilon = 0.100)
BETTER TREE FOUND at iteration 27: -98433.479
Estimate model parameters (epsilon = 0.100)
BETTER TREE FOUND at iteration 30: -98428.479
Iteration 30 / LogL: -98428.479 / Time: 0h:5m:4s (1h:27m:37s left)
Estimate model parameters (epsilon = 0.100)
BETTER TREE FOUND at iteration 31: -98427.799
Estimate model parameters (epsilon = 0.100)
BETTER TREE FOUND at iteration 33: -98424.943
Estimate model parameters (epsilon = 0.100)
BETTER TREE FOUND at iteration 35: -98423.599
Estimate model parameters (epsilon = 0.100)
BETTER TREE FOUND at iteration 36: -98422.199
Estimate model parameters (epsilon = 0.100)
BETTER TREE FOUND at iteration 37: -98420.976
Estimate model parameters (epsilon = 0.100)
BETTER TREE FOUND at iteration 38: -98418.646
Iteration 40 / LogL: -98427.046 / Time: 0h:6m:2s (1h:17m:12s left)
Estimate model parameters (epsilon = 0.100)
BETTER TREE FOUND at iteration 42: -98418.350
Estimate model parameters (epsilon = 0.100)
BETTER TREE FOUND at iteration 45: -98417.282
Iteration 50 / LogL: -98422.985 / Time: 0h:6m:43s (1h:7m:54s left)
Log-likelihood cutoff on original alignment: -98527.780
Estimate model parameters (epsilon = 0.100)
BETTER TREE FOUND at iteration 56: -98416.143
Iteration 60 / LogL: -98422.008 / Time: 0h:7m:24s (1h:2m:15s left)
Iteration 70 / LogL: -98416.300 / Time: 0h:7m:58s (0h:56m:11s left)
Iteration 80 / LogL: -98416.618 / Time: 0h:8m:32s (0h:51m:30s left)
Estimate model parameters (epsilon = 0.100)
BETTER TREE FOUND at iteration 84: -98415.367
Iteration 90 / LogL: -98417.515 / Time: 0h:9m:9s (0h:50m:48s left)
Estimate model parameters (epsilon = 0.100)
BETTER TREE FOUND at iteration 92: -98415.126
Estimate model parameters (epsilon = 0.100)
UPDATE BEST LOG-LIKELIHOOD: -98414.967
Iteration 100 / LogL: -98415.636 / Time: 0h:9m:46s (0h:48m:32s left)
Log-likelihood cutoff on original alignment: -98527.223
NOTE: Bootstrap correlation coefficient of split occurrence frequencies: 0.995
Estimate model parameters (epsilon = 0.100)
BETTER TREE FOUND at iteration 107: -98414.782
Iteration 110 / LogL: -98430.247 / Time: 0h:10m:23s (0h:47m:24s left)
Iteration 120 / LogL: -98415.418 / Time: 0h:10m:58s (0h:44m:54s left)
Iteration 130 / LogL: -98416.346 / Time: 0h:11m:31s (0h:42m:37s left)
Iteration 140 / LogL: -98414.834 / Time: 0h:12m:3s (0h:40m:29s left)
Iteration 150 / LogL: -98420.922 / Time: 0h:12m:37s (0h:38m:42s left)
Log-likelihood cutoff on original alignment: -98527.223
Estimate model parameters (epsilon = 0.100)
BETTER TREE FOUND at iteration 151: -98414.651
Iteration 160 / LogL: -98416.513 / Time: 0h:13m:14s (0h:40m:53s left)
Iteration 170 / LogL: -98415.139 / Time: 0h:13m:49s (0h:39m:22s left)
Iteration 180 / LogL: -98426.786 / Time: 0h:14m:19s (0h:37m:42s left)
Iteration 190 / LogL: -98416.412 / Time: 0h:14m:53s (0h:36m:18s left)
Iteration 200 / LogL: -98422.288 / Time: 0h:15m:23s (0h:34m:53s left)
Log-likelihood cutoff on original alignment: -98527.223
NOTE: Bootstrap correlation coefficient of split occurrence frequencies: 0.999
Iteration 210 / LogL: -98421.549 / Time: 0h:15m:59s (0h:33m:43s left)
Iteration 220 / LogL: -98430.790 / Time: 0h:16m:30s (0h:32m:29s left)
Iteration 230 / LogL: -98420.148 / Time: 0h:17m:5s (0h:31m:25s left)
Iteration 240 / LogL: -98416.295 / Time: 0h:17m:40s (0h:30m:23s left)
Iteration 250 / LogL: -98420.521 / Time: 0h:18m:14s (0h:29m:21s left)
Log-likelihood cutoff on original alignment: -98527.223
Iteration 260 / LogL: -98415.015 / Time: 0h:18m:47s (0h:28m:22s left)
Iteration 270 / LogL: -98417.191 / Time: 0h:19m:20s (0h:27m:23s left)
Iteration 280 / LogL: -98417.965 / Time: 0h:19m:53s (0h:26m:27s left)
Iteration 290 / LogL: -98415.008 / Time: 0h:20m:25s (0h:25m:30s left)
Iteration 300 / LogL: -98414.971 / Time: 0h:20m:58s (0h:24m:37s left)
Log-likelihood cutoff on original alignment: -98527.223
NOTE: Bootstrap correlation coefficient of split occurrence frequencies: 1.000
Iteration 310 / LogL: -98414.708 / Time: 0h:21m:32s (0h:23m:46s left)
Iteration 320 / LogL: -98424.239 / Time: 0h:22m:4s (0h:22m:54s left)
Iteration 330 / LogL: -98418.946 / Time: 0h:22m:37s (0h:22m:4s left)
Estimate model parameters (epsilon = 0.100)
BETTER TREE FOUND at iteration 333: -98413.295
Iteration 340 / LogL: -98414.751 / Time: 0h:23m:11s (0h:33m:43s left)
Iteration 350 / LogL: -98413.435 / Time: 0h:23m:43s (0h:32m:49s left)
Log-likelihood cutoff on original alignment: -98527.223
Iteration 360 / LogL: -98419.940 / Time: 0h:24m:17s (0h:32m:0s left)
Iteration 370 / LogL: -98415.834 / Time: 0h:24m:50s (0h:31m:10s left)
Iteration 380 / LogL: -98419.296 / Time: 0h:25m:23s (0h:30m:20s left)
Iteration 390 / LogL: -98418.245 / Time: 0h:25m:55s (0h:29m:31s left)
Iteration 400 / LogL: -98418.109 / Time: 0h:26m:27s (0h:28m:42s left)
Log-likelihood cutoff on original alignment: -98527.223
NOTE: Bootstrap correlation coefficient of split occurrence frequencies: 0.999
Iteration 410 / LogL: -98414.433 / Time: 0h:27m:2s (0h:27m:57s left)
Iteration 420 / LogL: -98414.003 / Time: 0h:27m:34s (0h:27m:10s left)
Iteration 430 / LogL: -98415.682 / Time: 0h:28m:7s (0h:26m:25s left)
Iteration 440 / LogL: -98427.187 / Time: 0h:28m:40s (0h:25m:40s left)
Iteration 450 / LogL: -98417.496 / Time: 0h:29m:13s (0h:24m:55s left)
Log-likelihood cutoff on original alignment: -98527.223
Iteration 460 / LogL: -98419.627 / Time: 0h:29m:46s (0h:24m:12s left)
Iteration 470 / LogL: -98413.804 / Time: 0h:30m:21s (0h:23m:29s left)
Iteration 480 / LogL: -98416.385 / Time: 0h:30m:52s (0h:22m:45s left)
Iteration 490 / LogL: -98415.687 / Time: 0h:31m:24s (0h:22m:1s left)
Iteration 500 / LogL: -98416.274 / Time: 0h:31m:55s (0h:21m:18s left)
Log-likelihood cutoff on original alignment: -98527.223
NOTE: Bootstrap correlation coefficient of split occurrence frequencies: 0.999
Iteration 510 / LogL: -98415.988 / Time: 0h:32m:28s (0h:20m:36s left)
Iteration 520 / LogL: -98423.737 / Time: 0h:33m:5s (0h:19m:57s left)
Iteration 530 / LogL: -98414.209 / Time: 0h:33m:38s (0h:19m:16s left)
Estimate model parameters (epsilon = 0.100)
BETTER TREE FOUND at iteration 535: -98412.894
Iteration 540 / LogL: -98413.803 / Time: 0h:34m:19s (0h:31m:31s left)
Iteration 550 / LogL: -98416.513 / Time: 0h:34m:53s (0h:30m:49s left)
Log-likelihood cutoff on original alignment: -98527.223
Iteration 560 / LogL: -98413.675 / Time: 0h:35m:27s (0h:30m:7s left)
Estimate model parameters (epsilon = 0.100)
BETTER TREE FOUND at iteration 567: -98412.646
Iteration 570 / LogL: -98413.086 / Time: 0h:36m:4s (0h:31m:30s left)
Iteration 580 / LogL: -98415.450 / Time: 0h:36m:40s (0h:30m:50s left)
Iteration 590 / LogL: -98414.755 / Time: 0h:37m:12s (0h:30m:8s left)
Iteration 600 / LogL: -98412.846 / Time: 0h:37m:46s (0h:29m:27s left)
Log-likelihood cutoff on original alignment: -98527.223
NOTE: Bootstrap correlation coefficient of split occurrence frequencies: 0.998
Iteration 610 / LogL: -98413.288 / Time: 0h:38m:22s (0h:28m:47s left)
Iteration 620 / LogL: -98414.925 / Time: 0h:38m:54s (0h:28m:6s left)
Iteration 630 / LogL: -98420.416 / Time: 0h:39m:30s (0h:27m:26s left)
Iteration 640 / LogL: -98414.514 / Time: 0h:40m:3s (0h:26m:46s left)
Iteration 650 / LogL: -98415.241 / Time: 0h:40m:38s (0h:26m:6s left)
Log-likelihood cutoff on original alignment: -98527.223
Iteration 660 / LogL: -98420.123 / Time: 0h:41m:15s (0h:25m:28s left)
Iteration 670 / LogL: -98414.623 / Time: 0h:41m:47s (0h:24m:48s left)
Iteration 680 / LogL: -98412.900 / Time: 0h:42m:21s (0h:24m:8s left)
Iteration 690 / LogL: -98412.991 / Time: 0h:42m:55s (0h:23m:28s left)
Iteration 700 / LogL: -98437.490 / Time: 0h:43m:30s (0h:22m:50s left)
Log-likelihood cutoff on original alignment: -98527.223
NOTE: Bootstrap correlation coefficient of split occurrence frequencies: 0.997
Iteration 710 / LogL: -98416.390 / Time: 0h:44m:6s (0h:22m:12s left)
Iteration 720 / LogL: -98417.330 / Time: 0h:44m:39s (0h:21m:33s left)
Iteration 730 / LogL: -98427.291 / Time: 0h:45m:12s (0h:20m:53s left)
Iteration 740 / LogL: -98423.465 / Time: 0h:45m:46s (0h:20m:15s left)
Iteration 750 / LogL: -98414.687 / Time: 0h:46m:23s (0h:19m:38s left)
Log-likelihood cutoff on original alignment: -98527.223
Iteration 760 / LogL: -98424.424 / Time: 0h:46m:59s (0h:19m:0s left)
Iteration 770 / LogL: -98416.569 / Time: 0h:47m:34s (0h:18m:22s left)
Iteration 780 / LogL: -98418.657 / Time: 0h:48m:9s (0h:17m:44s left)
Iteration 790 / LogL: -98412.924 / Time: 0h:48m:43s (0h:17m:6s left)
Iteration 800 / LogL: -98428.600 / Time: 0h:49m:19s (0h:16m:29s left)
Log-likelihood cutoff on original alignment: -98527.223
NOTE: Bootstrap correlation coefficient of split occurrence frequencies: 0.997
Iteration 810 / LogL: -98414.422 / Time: 0h:49m:55s (0h:15m:51s left)
Iteration 820 / LogL: -98412.946 / Time: 0h:50m:29s (0h:15m:13s left)
Iteration 830 / LogL: -98424.208 / Time: 0h:51m:4s (0h:14m:36s left)
Iteration 840 / LogL: -98413.031 / Time: 0h:51m:39s (0h:13m:58s left)
Iteration 850 / LogL: -98416.163 / Time: 0h:52m:13s (0h:13m:20s left)
Log-likelihood cutoff on original alignment: -98527.223
Iteration 860 / LogL: -98413.030 / Time: 0h:52m:50s (0h:12m:43s left)
Iteration 870 / LogL: -98415.091 / Time: 0h:53m:25s (0h:12m:6s left)
Iteration 880 / LogL: -98416.048 / Time: 0h:54m:1s (0h:11m:29s left)
Iteration 890 / LogL: -98435.043 / Time: 0h:54m:35s (0h:10m:52s left)
Iteration 900 / LogL: -98431.783 / Time: 0h:55m:8s (0h:10m:14s left)
Log-likelihood cutoff on original alignment: -98527.223
NOTE: Bootstrap correlation coefficient of split occurrence frequencies: 0.997
Iteration 910 / LogL: -98412.678 / Time: 0h:55m:45s (0h:9m:37s left)
Iteration 920 / LogL: -98420.860 / Time: 0h:56m:20s (0h:9m:0s left)
Iteration 930 / LogL: -98413.246 / Time: 0h:56m:56s (0h:8m:23s left)
Iteration 940 / LogL: -98414.180 / Time: 0h:57m:31s (0h:7m:46s left)
Iteration 950 / LogL: -98416.111 / Time: 0h:58m:7s (0h:7m:9s left)
Log-likelihood cutoff on original alignment: -98527.223
Iteration 960 / LogL: -98415.817 / Time: 0h:58m:43s (0h:6m:33s left)
Iteration 970 / LogL: -98412.809 / Time: 0h:59m:17s (0h:5m:56s left)
Iteration 980 / LogL: -98412.949 / Time: 0h:59m:52s (0h:5m:19s left)
Iteration 990 / LogL: -98418.328 / Time: 1h:0m:26s (0h:4m:42s left)
Iteration 1000 / LogL: -98412.841 / Time: 1h:1m:0s (0h:4m:5s left)
Log-likelihood cutoff on original alignment: -98527.223
NOTE: Bootstrap correlation coefficient of split occurrence frequencies: 0.997
Iteration 1010 / LogL: -98414.973 / Time: 1h:1m:36s (0h:5m:29s left)
Iteration 1020 / LogL: -98417.611 / Time: 1h:2m:12s (0h:4m:53s left)
Iteration 1030 / LogL: -98417.583 / Time: 1h:2m:47s (0h:4m:16s left)
Iteration 1040 / LogL: -98413.481 / Time: 1h:3m:23s (0h:3m:39s left)
Iteration 1050 / LogL: -98416.461 / Time: 1h:3m:59s (0h:3m:2s left)
Log-likelihood cutoff on original alignment: -98527.223
Iteration 1060 / LogL: -98423.466 / Time: 1h:4m:34s (0h:2m:26s left)
TREE SEARCH COMPLETED AFTER 1068 ITERATIONS / Time: 1h:5m:2s

--------------------------------------------------------------------
|                    FINALIZING TREE SEARCH                        |
--------------------------------------------------------------------
Performs final model parameters optimization
Estimate model parameters (epsilon = 0.010)
1. Initial log-likelihood: -98412.646
Optimal log-likelihood: -98412.644
Site proportion and rates:  (0.088,0.205) (0.085,0.458) (0.184,0.667) (0.289,0.954) (0.185,1.256) (0.123,1.719) (0.046,2.179)
Parameters optimization took 1 rounds (1.130 sec)
BEST SCORE FOUND : -98412.644
Creating bootstrap support values...
Split supports printed to NEXUS file uniref50-PF18761-IPR001425-ChRs.reduced_long.iqtree.19.splits.nex
Total tree length: 200.597

Total number of iterations: 1068
CPU time used for tree search: 11331.901 sec (3h:8m:51s)
Wall-clock time used for tree search: 3832.131 sec (1h:3m:52s)
Total CPU time used: 11541.165 sec (3h:12m:21s)
Total wall-clock time used: 3905.249 sec (1h:5m:5s)

Computing bootstrap consensus tree...
Reading input file uniref50-PF18761-IPR001425-ChRs.reduced_long.iqtree.19.splits.nex...
315 taxa and 1344 splits.
Consensus tree written to uniref50-PF18761-IPR001425-ChRs.reduced_long.iqtree.19.contree
Reading input trees file uniref50-PF18761-IPR001425-ChRs.reduced_long.iqtree.19.contree
Log-likelihood of consensus tree: -98413.327

Analysis results written to: 
  IQ-TREE report:                uniref50-PF18761-IPR001425-ChRs.reduced_long.iqtree.19.iqtree
  Maximum-likelihood tree:       uniref50-PF18761-IPR001425-ChRs.reduced_long.iqtree.19.treefile
  Likelihood distances:          uniref50-PF18761-IPR001425-ChRs.reduced_long.iqtree.19.mldist

Ultrafast bootstrap approximation results written to:
  Split support values:          uniref50-PF18761-IPR001425-ChRs.reduced_long.iqtree.19.splits.nex
  Consensus tree:                uniref50-PF18761-IPR001425-ChRs.reduced_long.iqtree.19.contree
  Screen log file:               uniref50-PF18761-IPR001425-ChRs.reduced_long.iqtree.19.log

Date and Time: Mon Oct 26 06:56:19 2020
